<?xml version="1.0" encoding="UTF-8"?>
<!-- Generated by org.testng.reporters.JUnitReportReporter -->
<testsuite hostname="DESKTOP-NKE74KJ" failures="0" tests="1" name="com.bestbuy.tests.PaymentTest" time="499.994" errors="0" timestamp="2023-04-24T18:14:02 IST" skipped="0">
  <testcase classname="com.bestbuy.tests.PaymentTest" name="paymentToCart" time="499.994"/>
  <system-out/>
</testsuite> <!-- com.bestbuy.tests.PaymentTest -->
