<?xml version="1.0" encoding="UTF-8"?>
<!-- Generated by org.testng.reporters.JUnitReportReporter -->
<testsuite hostname="DESKTOP-NKE74KJ" failures="0" tests="2" name="com.bestbuy.tests.ValidateMenuTest" time="287.959" errors="0" timestamp="2023-04-24T18:14:02 IST" skipped="0">
  <testcase classname="com.bestbuy.tests.ValidateMenuTest" name="validateTitle" time="222.935"/>
  <system-out/>
  <testcase classname="com.bestbuy.tests.ValidateMenuTest" name="menuVerify" time="65.024"/>
  <system-out/>
</testsuite> <!-- com.bestbuy.tests.ValidateMenuTest -->
