<?xml version="1.0" encoding="UTF-8"?>
<!-- Generated by org.testng.reporters.JUnitReportReporter -->
<testsuite hostname="DESKTOP-NKE74KJ" failures="0" tests="1" name="com.bestbuy.tests.SearchItemTestPage" time="67.408" errors="0" timestamp="2023-04-24T18:14:02 IST" skipped="0">
  <testcase classname="com.bestbuy.tests.SearchItemTestPage" name="addToCartParticularItem" time="67.408"/>
  <system-out/>
</testsuite> <!-- com.bestbuy.tests.SearchItemTestPage -->
